<testsuites id="" name="" tests="1" failures="0" skipped="0" errors="0" time="16.338667000000132">
<testsuite name="LoginTest.spec.js" timestamp="2025-04-16T21:46:47.748Z" hostname="chromium" tests="1" failures="0" skipped="0" time="9.397" errors="0">
<testcase name="LoginTest" classname="LoginTest.spec.js" time="9.397">
<system-out>
<![CDATA[Running beforeAll...
Setting up browser: firefox...
Navigating to: https://hrm.neotechacademy.com/
Clicking the PIM button...
Clicking the Employee List button...
Verifying the Employee Table is visible...
Running afterAll...
Tearing down browser...
Browser closed successfully.
]]>
</system-out>
</testcase>
</testsuite>
</testsuites>